# JRE version: OpenJDK Runtime Environment Temurin-21.0.10+7 (21.0.10+7) (build 21.0.10+7-LTS)
# Java VM: OpenJDK 64-Bit Server VM Temurin-21.0.10+7 (21.0.10+7-LTS, mixed mode, sharing, tiered, compressed oops, compressed class ptrs, parallel gc, windows-amd64)
GC Precious Log:
 CardTable entry size: 512
 CPUs: 12 total, 12 available
 Memory: 16068M
 Large Page Support: Disabled
 NUMA Support: Disabled
 Compressed Oops: Enabled (32-bit)
 Alignments: Space 512K, Generation 512K, Heap 2M
 Heap Min Capacity: 100M
 Heap Initial Capacity: 100M
 Heap Max Capacity: 2G
 Pre-touch: Disabled
 Parallel Workers: 10
Heap:
 PSYoungGen      total 17920K, used 10989K [0x00000000d5580000, 0x00000000d6880000, 0x0000000100000000)
  eden space 17408K, 61% used [0x00000000d5580000,0x00000000d5feb4b0,0x00000000d6680000)
  from space 512K, 62% used [0x00000000d6800000,0x00000000d6850000,0x00000000d6880000)
  to   space 512K, 0% used [0x00000000d6680000,0x00000000d6680000,0x00000000d6700000)
 ParOldGen       total 68608K, used 34650K [0x0000000080000000, 0x0000000084300000, 0x00000000d5580000)
  object space 68608K, 50% used [0x0000000080000000,0x00000000821d6a28,0x0000000084300000)
 Metaspace       used 40189K, committed 41280K, reserved 1114112K
  class space    used 4077K, committed 4544K, reserved 1048576K
GC Heap History (20 events):
Event: 11.749 GC heap before
{Heap before GC invocations=19 (full 1):
 PSYoungGen      total 19968K, used 19768K [0x00000000d5580000, 0x00000000d6d00000, 0x0000000100000000)
  eden space 17920K, 100% used [0x00000000d5580000,0x00000000d6700000,0x00000000d6700000)
  from space 2048K, 90% used [0x00000000d6700000,0x00000000d68ce200,0x00000000d6900000)
  to   space 3072K, 0% used [0x00000000d6a00000,0x00000000d6a00000,0x00000000d6d00000)
 ParOldGen       total 68608K, used 29268K [0x0000000080000000, 0x0000000084300000, 0x00000000d5580000)
  object space 68608K, 42% used [0x0000000080000000,0x0000000081c95318,0x0000000084300000)
 Metaspace       used 33019K, committed 34176K, reserved 1114112K
  class space    used 3403K, committed 3904K, reserved 1048576K
}
Event: 11.756 GC heap after
{Heap after GC invocations=19 (full 1):
 PSYoungGen      total 19968K, used 1603K [0x00000000d5580000, 0x00000000d6c00000, 0x0000000100000000)
  eden space 17920K, 0% used [0x00000000d5580000,0x00000000d5580000,0x00000000d6700000)
  from space 2048K, 78% used [0x00000000d6a00000,0x00000000d6b90d48,0x00000000d6c00000)
  to   space 2048K, 0% used [0x00000000d6700000,0x00000000d6700000,0x00000000d6900000)
 ParOldGen       total 68608K, used 31037K [0x0000000080000000, 0x0000000084300000, 0x00000000d5580000)
  object space 68608K, 45% used [0x0000000080000000,0x0000000081e4f518,0x0000000084300000)
 Metaspace       used 33019K, committed 34176K, reserved 1114112K
  class space    used 3403K, committed 3904K, reserved 1048576K
}
Event: 12.172 GC heap before
{Heap before GC invocations=20 (full 1):
 PSYoungGen      total 19968K, used 15493K [0x00000000d5580000, 0x00000000d6c00000, 0x0000000100000000)
  eden space 17920K, 77% used [0x00000000d5580000,0x00000000d6310a20,0x00000000d6700000)
  from space 2048K, 78% used [0x00000000d6a00000,0x00000000d6b90d48,0x00000000d6c00000)
  to   space 2048K, 0% used [0x00000000d6700000,0x00000000d6700000,0x00000000d6900000)
 ParOldGen       total 68608K, used 31037K [0x0000000080000000, 0x0000000084300000, 0x00000000d5580000)
  object space 68608K, 45% used [0x0000000080000000,0x0000000081e4f518,0x0000000084300000)
 Metaspace       used 34684K, committed 35840K, reserved 1114112K
  class space    used 3568K, committed 4096K, reserved 1048576K
}
Event: 12.178 GC heap after
{Heap after GC invocations=20 (full 1):
 PSYoungGen      total 19968K, used 1048K [0x00000000d5580000, 0x00000000d6a80000, 0x0000000100000000)
  eden space 17920K, 0% used [0x00000000d5580000,0x00000000d5580000,0x00000000d6700000)
  from space 2048K, 51% used [0x00000000d6700000,0x00000000d68062e8,0x00000000d6900000)
  to   space 1536K, 0% used [0x00000000d6900000,0x00000000d6900000,0x00000000d6a80000)
 ParOldGen       total 68608K, used 32343K [0x0000000080000000, 0x0000000084300000, 0x00000000d5580000)
  object space 68608K, 47% used [0x0000000080000000,0x0000000081f95f70,0x0000000084300000)
 Metaspace       used 34684K, committed 35840K, reserved 1114112K
  class space    used 3568K, committed 4096K, reserved 1048576K
}
Event: 12.178 GC heap before
{Heap before GC invocations=21 (full 2):
 PSYoungGen      total 19968K, used 1048K [0x00000000d5580000, 0x00000000d6a80000, 0x0000000100000000)
  eden space 17920K, 0% used [0x00000000d5580000,0x00000000d5580000,0x00000000d6700000)
  from space 2048K, 51% used [0x00000000d6700000,0x00000000d68062e8,0x00000000d6900000)
  to   space 1536K, 0% used [0x00000000d6900000,0x00000000d6900000,0x00000000d6a80000)
 ParOldGen       total 68608K, used 32343K [0x0000000080000000, 0x0000000084300000, 0x00000000d5580000)
  object space 68608K, 47% used [0x0000000080000000,0x0000000081f95f70,0x0000000084300000)
 Metaspace       used 34684K, committed 35840K, reserved 1114112K
  class space    used 3568K, committed 4096K, reserved 1048576K
}
Event: 12.276 GC heap after
{Heap after GC invocations=21 (full 2):
 PSYoungGen      total 19968K, used 0K [0x00000000d5580000, 0x00000000d6a80000, 0x0000000100000000)
  eden space 17920K, 0% used [0x00000000d5580000,0x00000000d5580000,0x00000000d6700000)
  from space 2048K, 0% used [0x00000000d6700000,0x00000000d6700000,0x00000000d6900000)
  to   space 1536K, 0% used [0x00000000d6900000,0x00000000d6900000,0x00000000d6a80000)
 ParOldGen       total 68608K, used 30958K [0x0000000080000000, 0x0000000084300000, 0x00000000d5580000)
  object space 68608K, 45% used [0x0000000080000000,0x0000000081e3bbe8,0x0000000084300000)
 Metaspace       used 34430K, committed 35840K, reserved 1114112K
  class space    used 3495K, committed 4096K, reserved 1048576K
}
Event: 13.071 GC heap before
{Heap before GC invocations=22 (full 2):
 PSYoungGen      total 19968K, used 17902K [0x00000000d5580000, 0x00000000d6a80000, 0x0000000100000000)
  eden space 17920K, 99% used [0x00000000d5580000,0x00000000d66fb840,0x00000000d6700000)
  from space 2048K, 0% used [0x00000000d6700000,0x00000000d6700000,0x00000000d6900000)
  to   space 1536K, 0% used [0x00000000d6900000,0x00000000d6900000,0x00000000d6a80000)
 ParOldGen       total 68608K, used 30958K [0x0000000080000000, 0x0000000084300000, 0x00000000d5580000)
  object space 68608K, 45% used [0x0000000080000000,0x0000000081e3bbe8,0x0000000084300000)
 Metaspace       used 35389K, committed 36416K, reserved 1114112K
  class space    used 3612K, committed 4096K, reserved 1048576K
}
Event: 13.074 GC heap after
{Heap after GC invocations=22 (full 2):
 PSYoungGen      total 18944K, used 544K [0x00000000d5580000, 0x00000000d6a00000, 0x0000000100000000)
  eden space 17920K, 0% used [0x00000000d5580000,0x00000000d5580000,0x00000000d6700000)
  from space 1024K, 53% used [0x00000000d6900000,0x00000000d6988000,0x00000000d6a00000)
  to   space 1024K, 0% used [0x00000000d6800000,0x00000000d6800000,0x00000000d6900000)
 ParOldGen       total 68608K, used 30966K [0x0000000080000000, 0x0000000084300000, 0x00000000d5580000)
  object space 68608K, 45% used [0x0000000080000000,0x0000000081e3dbe8,0x0000000084300000)
 Metaspace       used 35389K, committed 36416K, reserved 1114112K
  class space    used 3612K, committed 4096K, reserved 1048576K
}
Event: 13.736 GC heap before
{Heap before GC invocations=23 (full 2):
 PSYoungGen      total 18944K, used 18464K [0x00000000d5580000, 0x00000000d6a00000, 0x0000000100000000)
  eden space 17920K, 100% used [0x00000000d5580000,0x00000000d6700000,0x00000000d6700000)
  from space 1024K, 53% used [0x00000000d6900000,0x00000000d6988000,0x00000000d6a00000)
  to   space 1024K, 0% used [0x00000000d6800000,0x00000000d6800000,0x00000000d6900000)
 ParOldGen       total 68608K, used 30966K [0x0000000080000000, 0x0000000084300000, 0x00000000d5580000)
  object space 68608K, 45% used [0x0000000080000000,0x0000000081e3dbe8,0x0000000084300000)
 Metaspace       used 36764K, committed 37824K, reserved 1114112K
  class space    used 3751K, committed 4224K, reserved 1048576K
}
Event: 13.743 GC heap after
{Heap after GC invocations=23 (full 2):
 PSYoungGen      total 18944K, used 1011K [0x00000000d5580000, 0x00000000d6b00000, 0x0000000100000000)
  eden space 17920K, 0% used [0x00000000d5580000,0x00000000d5580000,0x00000000d6700000)
  from space 1024K, 98% used [0x00000000d6800000,0x00000000d68fce20,0x00000000d6900000)
  to   space 2048K, 0% used [0x00000000d6900000,0x00000000d6900000,0x00000000d6b00000)
 ParOldGen       total 68608K, used 31505K [0x0000000080000000, 0x0000000084300000, 0x00000000d5580000)
  object space 68608K, 45% used [0x0000000080000000,0x0000000081ec4560,0x0000000084300000)
 Metaspace       used 36764K, committed 37824K, reserved 1114112K
  class space    used 3751K, committed 4224K, reserved 1048576K
}
Event: 13.866 GC heap before
{Heap before GC invocations=24 (full 2):
 PSYoungGen      total 18944K, used 18931K [0x00000000d5580000, 0x00000000d6b00000, 0x0000000100000000)
  eden space 17920K, 100% used [0x00000000d5580000,0x00000000d6700000,0x00000000d6700000)
  from space 1024K, 98% used [0x00000000d6800000,0x00000000d68fce20,0x00000000d6900000)
  to   space 2048K, 0% used [0x00000000d6900000,0x00000000d6900000,0x00000000d6b00000)
 ParOldGen       total 68608K, used 31505K [0x0000000080000000, 0x0000000084300000, 0x00000000d5580000)
  object space 68608K, 45% used [0x0000000080000000,0x0000000081ec4560,0x0000000084300000)
 Metaspace       used 36789K, committed 37824K, reserved 1114112K
  class space    used 3751K, committed 4224K, reserved 1048576K
}
Event: 13.872 GC heap after
{Heap after GC invocations=24 (full 2):
 PSYoungGen      total 19456K, used 1483K [0x00000000d5580000, 0x00000000d6a80000, 0x0000000100000000)
  eden space 17920K, 0% used [0x00000000d5580000,0x00000000d5580000,0x00000000d6700000)
  from space 1536K, 96% used [0x00000000d6900000,0x00000000d6a72cd8,0x00000000d6a80000)
  to   space 1536K, 0% used [0x00000000d6780000,0x00000000d6780000,0x00000000d6900000)
 ParOldGen       total 68608K, used 32462K [0x0000000080000000, 0x0000000084300000, 0x00000000d5580000)
  object space 68608K, 47% used [0x0000000080000000,0x0000000081fb3bb0,0x0000000084300000)
 Metaspace       used 36789K, committed 37824K, reserved 1114112K
  class space    used 3751K, committed 4224K, reserved 1048576K
}
Event: 14.002 GC heap before
{Heap before GC invocations=25 (full 2):
 PSYoungGen      total 19456K, used 19403K [0x00000000d5580000, 0x00000000d6a80000, 0x0000000100000000)
  eden space 17920K, 100% used [0x00000000d5580000,0x00000000d6700000,0x00000000d6700000)
  from space 1536K, 96% used [0x00000000d6900000,0x00000000d6a72cd8,0x00000000d6a80000)
  to   space 1536K, 0% used [0x00000000d6780000,0x00000000d6780000,0x00000000d6900000)
 ParOldGen       total 68608K, used 32462K [0x0000000080000000, 0x0000000084300000, 0x00000000d5580000)
  object space 68608K, 47% used [0x0000000080000000,0x0000000081fb3bb0,0x0000000084300000)
 Metaspace       used 37124K, committed 38144K, reserved 1114112K
  class space    used 3773K, committed 4224K, reserved 1048576K
}
Event: 14.005 GC heap after
{Heap after GC invocations=25 (full 2):
 PSYoungGen      total 18432K, used 192K [0x00000000d5580000, 0x00000000d6980000, 0x0000000100000000)
  eden space 17920K, 0% used [0x00000000d5580000,0x00000000d5580000,0x00000000d6700000)
  from space 512K, 37% used [0x00000000d6780000,0x00000000d67b0000,0x00000000d6800000)
  to   space 1024K, 0% used [0x00000000d6880000,0x00000000d6880000,0x00000000d6980000)
 ParOldGen       total 68608K, used 32806K [0x0000000080000000, 0x0000000084300000, 0x00000000d5580000)
  object space 68608K, 47% used [0x0000000080000000,0x0000000082009bb0,0x0000000084300000)
 Metaspace       used 37124K, committed 38144K, reserved 1114112K
  class space    used 3773K, committed 4224K, reserved 1048576K
}
Event: 14.480 GC heap before
{Heap before GC invocations=26 (full 2):
 PSYoungGen      total 18432K, used 18112K [0x00000000d5580000, 0x00000000d6980000, 0x0000000100000000)
  eden space 17920K, 100% used [0x00000000d5580000,0x00000000d6700000,0x00000000d6700000)
  from space 512K, 37% used [0x00000000d6780000,0x00000000d67b0000,0x00000000d6800000)
  to   space 1024K, 0% used [0x00000000d6880000,0x00000000d6880000,0x00000000d6980000)
 ParOldGen       total 68608K, used 32806K [0x0000000080000000, 0x0000000084300000, 0x00000000d5580000)
  object space 68608K, 47% used [0x0000000080000000,0x0000000082009bb0,0x0000000084300000)
 Metaspace       used 38928K, committed 39936K, reserved 1114112K
  class space    used 3983K, committed 4416K, reserved 1048576K
}
Event: 14.486 GC heap after
{Heap after GC invocations=26 (full 2):
 PSYoungGen      total 18432K, used 1024K [0x00000000d5580000, 0x00000000d6b00000, 0x0000000100000000)
  eden space 17408K, 0% used [0x00000000d5580000,0x00000000d5580000,0x00000000d6680000)
  from space 1024K, 100% used [0x00000000d6880000,0x00000000d6980000,0x00000000d6980000)
  to   space 2048K, 0% used [0x00000000d6680000,0x00000000d6680000,0x00000000d6880000)
 ParOldGen       total 68608K, used 33511K [0x0000000080000000, 0x0000000084300000, 0x00000000d5580000)
  object space 68608K, 48% used [0x0000000080000000,0x00000000820b9ca0,0x0000000084300000)
 Metaspace       used 38928K, committed 39936K, reserved 1114112K
  class space    used 3983K, committed 4416K, reserved 1048576K
}
Event: 15.435 GC heap before
{Heap before GC invocations=27 (full 2):
 PSYoungGen      total 18432K, used 18432K [0x00000000d5580000, 0x00000000d6b00000, 0x0000000100000000)
  eden space 17408K, 100% used [0x00000000d5580000,0x00000000d6680000,0x00000000d6680000)
  from space 1024K, 100% used [0x00000000d6880000,0x00000000d6980000,0x00000000d6980000)
  to   space 2048K, 0% used [0x00000000d6680000,0x00000000d6680000,0x00000000d6880000)
 ParOldGen       total 68608K, used 33511K [0x0000000080000000, 0x0000000084300000, 0x00000000d5580000)
  object space 68608K, 48% used [0x0000000080000000,0x00000000820b9ca0,0x0000000084300000)
 Metaspace       used 39315K, committed 40320K, reserved 1114112K
  class space    used 4011K, committed 4480K, reserved 1048576K
}
Event: 15.455 GC heap after
{Heap after GC invocations=27 (full 2):
 PSYoungGen      total 17920K, used 339K [0x00000000d5580000, 0x00000000d6900000, 0x0000000100000000)
  eden space 17408K, 0% used [0x00000000d5580000,0x00000000d5580000,0x00000000d6680000)
  from space 512K, 66% used [0x00000000d6680000,0x00000000d66d4d18,0x00000000d6700000)
  to   space 1024K, 0% used [0x00000000d6800000,0x00000000d6800000,0x00000000d6900000)
 ParOldGen       total 68608K, used 34511K [0x0000000080000000, 0x0000000084300000, 0x00000000d5580000)
  object space 68608K, 50% used [0x0000000080000000,0x00000000821b3d10,0x0000000084300000)
 Metaspace       used 39315K, committed 40320K, reserved 1114112K
  class space    used 4011K, committed 4480K, reserved 1048576K
}
Event: 16.045 GC heap before
{Heap before GC invocations=28 (full 2):
 PSYoungGen      total 17920K, used 17745K [0x00000000d5580000, 0x00000000d6900000, 0x0000000100000000)
  eden space 17408K, 99% used [0x00000000d5580000,0x00000000d667f8b0,0x00000000d6680000)
  from space 512K, 66% used [0x00000000d6680000,0x00000000d66d4d18,0x00000000d6700000)
  to   space 1024K, 0% used [0x00000000d6800000,0x00000000d6800000,0x00000000d6900000)
 ParOldGen       total 68608K, used 34511K [0x0000000080000000, 0x0000000084300000, 0x00000000d5580000)
  object space 68608K, 50% used [0x0000000080000000,0x00000000821b3d10,0x0000000084300000)
 Metaspace       used 39450K, committed 40512K, reserved 1114112K
  class space    used 4018K, committed 4480K, reserved 1048576K
}
Event: 16.048 GC heap after
{Heap after GC invocations=28 (full 2):
 PSYoungGen      total 17920K, used 320K [0x00000000d5580000, 0x00000000d6880000, 0x0000000100000000)
  eden space 17408K, 0% used [0x00000000d5580000,0x00000000d5580000,0x00000000d6680000)
  from space 512K, 62% used [0x00000000d6800000,0x00000000d6850000,0x00000000d6880000)
  to   space 512K, 0% used [0x00000000d6680000,0x00000000d6680000,0x00000000d6700000)
 ParOldGen       total 68608K, used 34650K [0x0000000080000000, 0x0000000084300000, 0x00000000d5580000)
  object space 68608K, 50% used [0x0000000080000000,0x00000000821d6a28,0x0000000084300000)
 Metaspace       used 39450K, committed 40512K, reserved 1114112K
  class space    used 4018K, committed 4480K, reserved 1048576K
}

